# JRE version: OpenJDK Runtime Environment (11.0.15) (build 11.0.15+0-b2043.56-9505619)
# Java VM: OpenJDK 64-Bit Server VM (11.0.15+0-b2043.56-9505619, mixed mode, tiered, compressed oops, g1 gc, windows-amd64)
Heap:
 garbage-first heap   total 395264K, used 260096K [0x0000000080000000, 0x0000000100000000)
  region size 1024K, 6 young (6144K), 3 survivors (3072K)
 Metaspace       used 122222K, capacity 125844K, committed 126000K, reserved 1159168K
  class space    used 15385K, capacity 16716K, committed 16768K, reserved 1048576K
GC Heap History (20 events):
Event: 106.046 GC heap before
{Heap before GC invocations=131 (full 0):
 garbage-first heap   total 395264K, used 343695K [0x0000000080000000, 0x0000000100000000)
  region size 1024K, 109 young (111616K), 10 survivors (10240K)
 Metaspace       used 113299K, capacity 116456K, committed 116656K, reserved 1150976K
  class space    used 14383K, capacity 15603K, committed 15616K, reserved 1048576K
}
Event: 106.112 GC heap after
{Heap after GC invocations=132 (full 0):
 garbage-first heap   total 395264K, used 244729K [0x0000000080000000, 0x0000000100000000)
  region size 1024K, 9 young (9216K), 9 survivors (9216K)
 Metaspace       used 113299K, capacity 116456K, committed 116656K, reserved 1150976K
  class space    used 14383K, capacity 15603K, committed 15616K, reserved 1048576K
}
Event: 107.153 GC heap before
{Heap before GC invocations=132 (full 0):
 garbage-first heap   total 395264K, used 342009K [0x0000000080000000, 0x0000000100000000)
  region size 1024K, 105 young (107520K), 9 survivors (9216K)
 Metaspace       used 113354K, capacity 116550K, committed 116656K, reserved 1150976K
  class space    used 14387K, capacity 15608K, committed 15616K, reserved 1048576K
}
Event: 107.193 GC heap after
{Heap after GC invocations=133 (full 0):
 garbage-first heap   total 395264K, used 249702K [0x0000000080000000, 0x0000000100000000)
  region size 1024K, 9 young (9216K), 9 survivors (9216K)
 Metaspace       used 113354K, capacity 116550K, committed 116656K, reserved 1150976K
  class space    used 14387K, capacity 15608K, committed 15616K, reserved 1048576K
}
Event: 107.738 GC heap before
{Heap before GC invocations=133 (full 0):
 garbage-first heap   total 395264K, used 341862K [0x0000000080000000, 0x0000000100000000)
  region size 1024K, 99 young (101376K), 9 survivors (9216K)
 Metaspace       used 113358K, capacity 116550K, committed 116656K, reserved 1150976K
  class space    used 14387K, capacity 15608K, committed 15616K, reserved 1048576K
}
Event: 107.753 GC heap after
{Heap after GC invocations=134 (full 0):
 garbage-first heap   total 395264K, used 250146K [0x0000000080000000, 0x0000000100000000)
  region size 1024K, 6 young (6144K), 6 survivors (6144K)
 Metaspace       used 113358K, capacity 116550K, committed 116656K, reserved 1150976K
  class space    used 14387K, capacity 15608K, committed 15616K, reserved 1048576K
}
Event: 108.155 GC heap before
{Heap before GC invocations=134 (full 0):
 garbage-first heap   total 395264K, used 344354K [0x0000000080000000, 0x0000000100000000)
  region size 1024K, 98 young (100352K), 6 survivors (6144K)
 Metaspace       used 113388K, capacity 116550K, committed 116656K, reserved 1150976K
  class space    used 14387K, capacity 15608K, committed 15616K, reserved 1048576K
}
Event: 108.162 GC heap after
{Heap after GC invocations=135 (full 0):
 garbage-first heap   total 395264K, used 251617K [0x0000000080000000, 0x0000000100000000)
  region size 1024K, 7 young (7168K), 7 survivors (7168K)
 Metaspace       used 113388K, capacity 116550K, committed 116656K, reserved 1150976K
  class space    used 14387K, capacity 15608K, committed 15616K, reserved 1048576K
}
Event: 108.653 GC heap before
{Heap before GC invocations=135 (full 0):
 garbage-first heap   total 395264K, used 345825K [0x0000000080000000, 0x0000000100000000)
  region size 1024K, 99 young (101376K), 7 survivors (7168K)
 Metaspace       used 113388K, capacity 116550K, committed 116656K, reserved 1150976K
  class space    used 14387K, capacity 15608K, committed 15616K, reserved 1048576K
}
Event: 108.664 GC heap after
{Heap after GC invocations=136 (full 0):
 garbage-first heap   total 395264K, used 251804K [0x0000000080000000, 0x0000000100000000)
  region size 1024K, 7 young (7168K), 7 survivors (7168K)
 Metaspace       used 113388K, capacity 116550K, committed 116656K, reserved 1150976K
  class space    used 14387K, capacity 15608K, committed 15616K, reserved 1048576K
}
Event: 112.070 GC heap before
{Heap before GC invocations=136 (full 0):
 garbage-first heap   total 395264K, used 346012K [0x0000000080000000, 0x0000000100000000)
  region size 1024K, 99 young (101376K), 7 survivors (7168K)
 Metaspace       used 116386K, capacity 119579K, committed 119856K, reserved 1153024K
  class space    used 14756K, capacity 15948K, committed 16000K, reserved 1048576K
}
Event: 112.099 GC heap after
{Heap after GC invocations=137 (full 0):
 garbage-first heap   total 395264K, used 250445K [0x0000000080000000, 0x0000000100000000)
  region size 1024K, 6 young (6144K), 6 survivors (6144K)
 Metaspace       used 116386K, capacity 119579K, committed 119856K, reserved 1153024K
  class space    used 14756K, capacity 15948K, committed 16000K, reserved 1048576K
}
Event: 1635.754 GC heap before
{Heap before GC invocations=137 (full 0):
 garbage-first heap   total 395264K, used 343629K [0x0000000080000000, 0x0000000100000000)
  region size 1024K, 98 young (100352K), 6 survivors (6144K)
 Metaspace       used 121093K, capacity 124616K, committed 124848K, reserved 1157120K
  class space    used 15276K, capacity 16553K, committed 16640K, reserved 1048576K
}
Event: 1636.312 GC heap after
{Heap after GC invocations=138 (full 0):
 garbage-first heap   total 395264K, used 253182K [0x0000000080000000, 0x0000000100000000)
  region size 1024K, 8 young (8192K), 8 survivors (8192K)
 Metaspace       used 121093K, capacity 124616K, committed 124848K, reserved 1157120K
  class space    used 15276K, capacity 16553K, committed 16640K, reserved 1048576K
}
Event: 5278.283 GC heap before
{Heap before GC invocations=138 (full 0):
 garbage-first heap   total 395264K, used 345342K [0x0000000080000000, 0x0000000100000000)
  region size 1024K, 98 young (100352K), 8 survivors (8192K)
 Metaspace       used 121328K, capacity 124797K, committed 124848K, reserved 1157120K
  class space    used 15293K, capacity 16604K, committed 16640K, reserved 1048576K
}
Event: 5278.634 GC heap after
{Heap after GC invocations=139 (full 0):
 garbage-first heap   total 395264K, used 254662K [0x0000000080000000, 0x0000000100000000)
  region size 1024K, 8 young (8192K), 8 survivors (8192K)
 Metaspace       used 121328K, capacity 124797K, committed 124848K, reserved 1157120K
  class space    used 15293K, capacity 16604K, committed 16640K, reserved 1048576K
}
Event: 5283.498 GC heap before
{Heap before GC invocations=139 (full 0):
 garbage-first heap   total 395264K, used 264902K [0x0000000080000000, 0x0000000100000000)
  region size 1024K, 19 young (19456K), 8 survivors (8192K)
 Metaspace       used 121561K, capacity 125158K, committed 125488K, reserved 1159168K
  class space    used 15319K, capacity 16667K, committed 16768K, reserved 1048576K
}
Event: 5283.683 GC heap after
{Heap after GC invocations=140 (full 0):
 garbage-first heap   total 395264K, used 255817K [0x0000000080000000, 0x0000000100000000)
  region size 1024K, 2 young (2048K), 2 survivors (2048K)
 Metaspace       used 121561K, capacity 125158K, committed 125488K, reserved 1159168K
  class space    used 15319K, capacity 16667K, committed 16768K, reserved 1048576K
}
Event: 5303.751 GC heap before
{Heap before GC invocations=140 (full 0):
 garbage-first heap   total 395264K, used 274249K [0x0000000080000000, 0x0000000100000000)
  region size 1024K, 20 young (20480K), 2 survivors (2048K)
 Metaspace       used 122128K, capacity 125713K, committed 126000K, reserved 1159168K
  class space    used 15372K, capacity 16715K, committed 16768K, reserved 1048576K
}
Event: 5303.895 GC heap after
{Heap after GC invocations=141 (full 0):
 garbage-first heap   total 395264K, used 258048K [0x0000000080000000, 0x0000000100000000)
  region size 1024K, 3 young (3072K), 3 survivors (3072K)
 Metaspace       used 122128K, capacity 125713K, committed 126000K, reserved 1159168K
  class space    used 15372K, capacity 16715K, committed 16768K, reserved 1048576K
}

